<?xml version="1.0" encoding="UTF-8"?>
<!-- Generated by org.testng.reporters.JUnitXMLReporter -->
<testsuite ignored="0" hostname="DESKTOP-K1ALJR5" failures="0" tests="3" name="Default test" time="59.003" errors="0" timestamp="2024-01-22T11:32:09 IST">
  <testcase classname="Validatedisplay" name="display" time="32.022"/>
  <testcase classname="Validatedisplay" name="properties" time="14.826"/>
  <testcase classname="Validatedisplay" name="settings" time="12.053"/>
</testsuite> <!-- Default test -->
