<?xml version="1.0" encoding="UTF-8"?>
<testng-results ignored="0" total="16" passed="15" failed="1" skipped="0">
  <reporter-output>
  </reporter-output>
  <suite started-at="2024-01-10T14:36:53 IST" name="Suite" finished-at="2024-01-10T14:46:06 IST" duration-ms="553543">
    <groups>
      <group name="properties">
        <method signature="CustomOrder16889.order()[pri:0, instance:CustomOrder16889@2974f221]" name="order" class="CustomOrder16889"/>
        <method signature="DiagramProperties.diagram()[pri:0, instance:DiagramProperties@58fe0499]" name="diagram" class="DiagramProperties"/>
        <method signature="DocsToPdf.documents()[pri:0, instance:DocsToPdf@686449f9]" name="documents" class="DocsToPdf"/>
        <method signature="ImageGrid.grid()[pri:0, instance:ImageGrid@665df3c6]" name="grid" class="ImageGrid"/>
        <method signature="InsertedGraphics.graphics()[pri:0, instance:InsertedGraphics@aa549e5]" name="graphics" class="InsertedGraphics"/>
        <method signature="InsertingCharts.charts()[pri:0, instance:InsertingCharts@4b20ca2b]" name="charts" class="InsertingCharts"/>
        <method signature="InsertingCovers.sectionbreak()[pri:0, instance:InsertingCovers@3f792b9b]" name="sectionbreak" class="InsertingCovers"/>
        <method signature="OldDocs.properties()[pri:0, instance:OldDocs@68b6f0d6]" name="properties" class="OldDocs"/>
        <method signature="RealTime.share()[pri:0, instance:RealTime@7b8233cd]" name="share" class="RealTime"/>
        <method signature="ValidateAgenda.agendaValidate()[pri:0, instance:ValidateAgenda@62e6b5c8]" name="agendaValidate" class="ValidateAgenda"/>
        <method signature="ValidateLinkOptions.linkoptions()[pri:0, instance:ValidateLinkOptions@3b7ff809]" name="linkoptions" class="ValidateLinkOptions"/>
        <method signature="Validatedisplay.display()[pri:0, instance:Validatedisplay@1bb564e2]" name="display" class="Validatedisplay"/>
        <method signature="Validatepitchcreation.outline()[pri:0, instance:Validatepitchcreation@5c00384f]" name="outline" class="Validatepitchcreation"/>
        <method signature="Validatepitchcreation4176.outline()[pri:0, instance:Validatepitchcreation4176@36f48b4]" name="outline" class="Validatepitchcreation4176"/>
        <method signature="ViewProfile.profiles()[pri:0, instance:ViewProfile@3fa2213]" name="profiles" class="ViewProfile"/>
        <method signature="WorkspaceOptions.workspace()[pri:0, instance:WorkspaceOptions@4044fb95]" name="workspace" class="WorkspaceOptions"/>
      </group> <!-- properties -->
    </groups>
    <test started-at="2024-01-10T14:36:53 IST" name="Test" finished-at="2024-01-10T14:46:06 IST" duration-ms="553543">
      <class name="InsertingCharts">
        <test-method signature="charts()[pri:0, instance:InsertingCharts@4b20ca2b]" started-at="2024-01-10T14:45:16 IST" name="charts" finished-at="2024-01-10T14:46:06 IST" duration-ms="50271" status="PASS">
          <reporter-output>
          </reporter-output>
        </test-method> <!-- charts -->
      </class> <!-- InsertingCharts -->
      <class name="ViewProfile">
        <test-method signature="profiles()[pri:0, instance:ViewProfile@3fa2213]" started-at="2024-01-10T14:36:53 IST" name="profiles" finished-at="2024-01-10T14:37:03 IST" duration-ms="10738" status="FAIL">
          <exception class="org.openqa.selenium.NoSuchElementException">
            <message>
              <![CDATA[no such element: Unable to locate element: {"method":"xpath","selector":"/html/body/div[1]/div/div/div[2]/div/div/div/div[2]/div[2]/div/div/div/div/div/div/div/div/div[2]/div[2]/div[1]/div"}
  (Session info: chrome=118.0.5993.0)
For documentation on this error, please visit: https://www.selenium.dev/documentation/webdriver/troubleshooting/errors#no-such-element-exception
Build info: version: '4.15.0', revision: '1d14b5521b'
System info: os.name: 'Windows 10', os.arch: 'amd64', os.version: '10.0', java.version: '21.0.1'
Driver info: org.openqa.selenium.chrome.ChromeDriver
Command: [7308717881b74a378460b8105aa3d2ec, findElement {using=xpath, value=/html/body/div[1]/div/div/div[2]/div/div/div/div[2]/div[2]/div/div/div/div/div/div/div/div/div[2]/div[2]/div[1]/div}]
Capabilities {acceptInsecureCerts: false, browserName: chrome, browserVersion: 118.0.5993.0, chrome: {chromedriverVersion: 118.0.5993.70 (e52f33f30b91..., userDataDir: C:\Users\Abirami\AppData\Lo...}, fedcm:accounts: true, goog:chromeOptions: {debuggerAddress: localhost:61742}, networkConnectionEnabled: false, pageLoadStrategy: normal, platformName: windows, proxy: Proxy(), se:cdp: ws://localhost:61742/devtoo..., se:cdpVersion: 118.0.5993.0, setWindowRect: true, strictFileInteractability: false, timeouts: {implicit: 0, pageLoad: 300000, script: 30000}, unhandledPromptBehavior: dismiss and notify, webauthn:extension:credBlob: true, webauthn:extension:largeBlob: true, webauthn:extension:minPinLength: true, webauthn:extension:prf: true, webauthn:virtualAuthenticators: true}
Session ID: 7308717881b74a378460b8105aa3d2ec]]>
            </message>
            <full-stacktrace>
              <![CDATA[org.openqa.selenium.NoSuchElementException: no such element: Unable to locate element: {"method":"xpath","selector":"/html/body/div[1]/div/div/div[2]/div/div/div/div[2]/div[2]/div/div/div/div/div/div/div/div/div[2]/div[2]/div[1]/div"}
  (Session info: chrome=118.0.5993.0)
For documentation on this error, please visit: https://www.selenium.dev/documentation/webdriver/troubleshooting/errors#no-such-element-exception
Build info: version: '4.15.0', revision: '1d14b5521b'
System info: os.name: 'Windows 10', os.arch: 'amd64', os.version: '10.0', java.version: '21.0.1'
Driver info: org.openqa.selenium.chrome.ChromeDriver
Command: [7308717881b74a378460b8105aa3d2ec, findElement {using=xpath, value=/html/body/div[1]/div/div/div[2]/div/div/div/div[2]/div[2]/div/div/div/div/div/div/div/div/div[2]/div[2]/div[1]/div}]
Capabilities {acceptInsecureCerts: false, browserName: chrome, browserVersion: 118.0.5993.0, chrome: {chromedriverVersion: 118.0.5993.70 (e52f33f30b91..., userDataDir: C:\Users\Abirami\AppData\Lo...}, fedcm:accounts: true, goog:chromeOptions: {debuggerAddress: localhost:61742}, networkConnectionEnabled: false, pageLoadStrategy: normal, platformName: windows, proxy: Proxy(), se:cdp: ws://localhost:61742/devtoo..., se:cdpVersion: 118.0.5993.0, setWindowRect: true, strictFileInteractability: false, timeouts: {implicit: 0, pageLoad: 300000, script: 30000}, unhandledPromptBehavior: dismiss and notify, webauthn:extension:credBlob: true, webauthn:extension:largeBlob: true, webauthn:extension:minPinLength: true, webauthn:extension:prf: true, webauthn:virtualAuthenticators: true}
Session ID: 7308717881b74a378460b8105aa3d2ec
at java.base/jdk.internal.reflect.DirectConstructorHandleAccessor.newInstance(DirectConstructorHandleAccessor.java:62)
at java.base/java.lang.reflect.Constructor.newInstanceWithCaller(Constructor.java:502)
at java.base/java.lang.reflect.Constructor.newInstance(Constructor.java:486)
at org.openqa.selenium.remote.codec.w3c.W3CHttpResponseCodec.createException(W3CHttpResponseCodec.java:200)
at org.openqa.selenium.remote.codec.w3c.W3CHttpResponseCodec.decode(W3CHttpResponseCodec.java:133)
at org.openqa.selenium.remote.codec.w3c.W3CHttpResponseCodec.decode(W3CHttpResponseCodec.java:52)
at org.openqa.selenium.remote.HttpCommandExecutor.execute(HttpCommandExecutor.java:191)
at org.openqa.selenium.remote.service.DriverCommandExecutor.invokeExecute(DriverCommandExecutor.java:200)
at org.openqa.selenium.remote.service.DriverCommandExecutor.execute(DriverCommandExecutor.java:175)
at org.openqa.selenium.remote.RemoteWebDriver.execute(RemoteWebDriver.java:607)
at org.openqa.selenium.remote.ElementLocation$ElementFinder$2.findElement(ElementLocation.java:165)
at org.openqa.selenium.remote.ElementLocation.findElement(ElementLocation.java:59)
at org.openqa.selenium.remote.RemoteWebDriver.findElement(RemoteWebDriver.java:364)
at org.openqa.selenium.remote.RemoteWebDriver.findElement(RemoteWebDriver.java:358)
at Settings.youraccountdetails(Settings.java:1729)
at ViewProfile.profiles(ViewProfile.java:19)
at java.base/jdk.internal.reflect.DirectMethodHandleAccessor.invoke(DirectMethodHandleAccessor.java:103)
at java.base/java.lang.reflect.Method.invoke(Method.java:580)
at org.testng.internal.invokers.MethodInvocationHelper.invokeMethod(MethodInvocationHelper.java:139)
at org.testng.internal.invokers.TestInvoker.invokeMethod(TestInvoker.java:664)
at org.testng.internal.invokers.TestInvoker.invokeTestMethod(TestInvoker.java:227)
at org.testng.internal.invokers.MethodRunner.runInSequence(MethodRunner.java:50)
at org.testng.internal.invokers.TestInvoker$MethodInvocationAgent.invoke(TestInvoker.java:957)
at org.testng.internal.invokers.TestInvoker.invokeTestMethods(TestInvoker.java:200)
at org.testng.internal.invokers.TestMethodWorker.invokeTestMethods(TestMethodWorker.java:148)
at org.testng.internal.invokers.TestMethodWorker.run(TestMethodWorker.java:128)
at java.base/java.util.ArrayList.forEach(ArrayList.java:1596)
at org.testng.TestRunner.privateRun(TestRunner.java:848)
at org.testng.TestRunner.run(TestRunner.java:621)
at org.testng.SuiteRunner.runTest(SuiteRunner.java:443)
at org.testng.SuiteRunner.runSequentially(SuiteRunner.java:437)
at org.testng.SuiteRunner.privateRun(SuiteRunner.java:397)
at org.testng.SuiteRunner.run(SuiteRunner.java:336)
at org.testng.SuiteRunnerWorker.runSuite(SuiteRunnerWorker.java:52)
at org.testng.SuiteRunnerWorker.run(SuiteRunnerWorker.java:95)
at org.testng.TestNG.runSuitesSequentially(TestNG.java:1280)
at org.testng.TestNG.runSuitesLocally(TestNG.java:1200)
at org.testng.TestNG.runSuites(TestNG.java:1114)
at org.testng.TestNG.run(TestNG.java:1082)
at org.testng.remote.AbstractRemoteTestNG.run(AbstractRemoteTestNG.java:115)
at org.testng.remote.RemoteTestNG.initAndRun(RemoteTestNG.java:251)
at org.testng.remote.RemoteTestNG.main(RemoteTestNG.java:77)
]]>
            </full-stacktrace>
          </exception> <!-- org.openqa.selenium.NoSuchElementException -->
          <reporter-output>
          </reporter-output>
        </test-method> <!-- profiles -->
      </class> <!-- ViewProfile -->
      <class name="Validatedisplay">
        <test-method signature="display()[pri:0, instance:Validatedisplay@1bb564e2]" started-at="2024-01-10T14:43:08 IST" name="display" finished-at="2024-01-10T14:43:57 IST" duration-ms="48684" status="PASS">
          <reporter-output>
          </reporter-output>
        </test-method> <!-- display -->
      </class> <!-- Validatedisplay -->
      <class name="CustomOrder16889">
        <test-method signature="order()[pri:0, instance:CustomOrder16889@2974f221]" started-at="2024-01-10T14:37:03 IST" name="order" finished-at="2024-01-10T14:37:27 IST" duration-ms="23224" status="PASS">
          <reporter-output>
          </reporter-output>
        </test-method> <!-- order -->
      </class> <!-- CustomOrder16889 -->
      <class name="ValidateAgenda">
        <test-method signature="agendaValidate()[pri:0, instance:ValidateAgenda@62e6b5c8]" started-at="2024-01-10T14:43:57 IST" name="agendaValidate" finished-at="2024-01-10T14:44:22 IST" duration-ms="25584" status="PASS">
          <reporter-output>
          </reporter-output>
        </test-method> <!-- agendaValidate -->
      </class> <!-- ValidateAgenda -->
      <class name="InsertingCovers">
        <test-method signature="sectionbreak()[pri:0, instance:InsertingCovers@3f792b9b]" started-at="2024-01-10T14:44:22 IST" name="sectionbreak" finished-at="2024-01-10T14:44:59 IST" duration-ms="36615" status="PASS">
          <reporter-output>
          </reporter-output>
        </test-method> <!-- sectionbreak -->
      </class> <!-- InsertingCovers -->
      <class name="ValidateLinkOptions">
        <test-method signature="linkoptions()[pri:0, instance:ValidateLinkOptions@3b7ff809]" started-at="2024-01-10T14:41:56 IST" name="linkoptions" finished-at="2024-01-10T14:43:08 IST" duration-ms="71668" status="PASS">
          <reporter-output>
          </reporter-output>
        </test-method> <!-- linkoptions -->
      </class> <!-- ValidateLinkOptions -->
      <class name="WorkspaceOptions">
        <test-method signature="workspace()[pri:0, instance:WorkspaceOptions@4044fb95]" started-at="2024-01-10T14:39:45 IST" name="workspace" finished-at="2024-01-10T14:40:00 IST" duration-ms="15517" status="PASS">
          <reporter-output>
          </reporter-output>
        </test-method> <!-- workspace -->
      </class> <!-- WorkspaceOptions -->
      <class name="Validatepitchcreation4176">
        <test-method signature="outline()[pri:0, instance:Validatepitchcreation4176@36f48b4]" started-at="2024-01-10T14:40:38 IST" name="outline" finished-at="2024-01-10T14:41:44 IST" duration-ms="65840" status="PASS">
          <reporter-output>
          </reporter-output>
        </test-method> <!-- outline -->
      </class> <!-- Validatepitchcreation4176 -->
      <class name="ImageGrid">
        <test-method signature="grid()[pri:0, instance:ImageGrid@665df3c6]" started-at="2024-01-10T14:38:32 IST" name="grid" finished-at="2024-01-10T14:39:22 IST" duration-ms="49691" status="PASS">
          <reporter-output>
          </reporter-output>
        </test-method> <!-- grid -->
      </class> <!-- ImageGrid -->
      <class name="DocsToPdf">
        <test-method signature="documents()[pri:0, instance:DocsToPdf@686449f9]" started-at="2024-01-10T14:38:14 IST" name="documents" finished-at="2024-01-10T14:38:32 IST" duration-ms="17812" status="PASS">
          <reporter-output>
          </reporter-output>
        </test-method> <!-- documents -->
      </class> <!-- DocsToPdf -->
      <class name="Validatepitchcreation">
        <test-method signature="outline()[pri:0, instance:Validatepitchcreation@5c00384f]" started-at="2024-01-10T14:41:44 IST" name="outline" finished-at="2024-01-10T14:41:56 IST" duration-ms="12573" status="PASS">
          <reporter-output>
          </reporter-output>
        </test-method> <!-- outline -->
      </class> <!-- Validatepitchcreation -->
      <class name="OldDocs">
        <test-method signature="properties()[pri:0, instance:OldDocs@68b6f0d6]" started-at="2024-01-10T14:39:22 IST" name="properties" finished-at="2024-01-10T14:39:45 IST" duration-ms="23057" status="PASS">
          <reporter-output>
          </reporter-output>
        </test-method> <!-- properties -->
      </class> <!-- OldDocs -->
      <class name="InsertedGraphics">
        <test-method signature="graphics()[pri:0, instance:InsertedGraphics@aa549e5]" started-at="2024-01-10T14:40:00 IST" name="graphics" finished-at="2024-01-10T14:40:38 IST" duration-ms="37246" status="PASS">
          <reporter-output>
          </reporter-output>
        </test-method> <!-- graphics -->
      </class> <!-- InsertedGraphics -->
      <class name="DiagramProperties">
        <test-method signature="diagram()[pri:0, instance:DiagramProperties@58fe0499]" started-at="2024-01-10T14:37:27 IST" name="diagram" finished-at="2024-01-10T14:38:14 IST" duration-ms="47744" status="PASS">
          <reporter-output>
          </reporter-output>
        </test-method> <!-- diagram -->
      </class> <!-- DiagramProperties -->
      <class name="RealTime">
        <test-method signature="share()[pri:0, instance:RealTime@7b8233cd]" started-at="2024-01-10T14:44:59 IST" name="share" finished-at="2024-01-10T14:45:16 IST" duration-ms="17118" status="PASS">
          <reporter-output>
          </reporter-output>
        </test-method> <!-- share -->
      </class> <!-- RealTime -->
    </test> <!-- Test -->
  </suite> <!-- Suite -->
</testng-results>
