<?xml version="1.0" encoding="UTF-8"?>
<testng-results ignored="0" total="3" passed="3" failed="0" skipped="0">
  <reporter-output>
    <line>
      <![CDATA[Chrome driver setup is complete]]>
    </line>
    <line>
      <![CDATA[click on Add slide]]>
    </line>
    <line>
      <![CDATA[Clicked on browse template]]>
    </line>
    <line>
      <![CDATA[click on add image is successfull]]>
    </line>
    <line>
      <![CDATA[click on Add slide]]>
    </line>
    <line>
      <![CDATA[Clicked on browse template]]>
    </line>
    <line>
      <![CDATA[click on add image is successfull]]>
    </line>
    <line>
      <![CDATA[Clicked on variation]]>
    </line>
    <line>
      <![CDATA[Agenda added successfully]]>
    </line>
    <line>
      <![CDATA[Clicked on floater settings]]>
    </line>
    <line>
      <![CDATA[Floater settings added]]>
    </line>
    <line>
      <![CDATA[click on Add slide]]>
    </line>
    <line>
      <![CDATA[Clicked on browse template]]>
    </line>
    <line>
      <![CDATA[click on add image is successfull]]>
    </line>
  </reporter-output>
  <suite started-at="2024-01-22T11:31:10 IST" name="Default suite" finished-at="2024-01-22T11:32:09 IST" duration-ms="59003">
    <groups>
      <group name="properties">
        <method signature="Validatedisplay.display()[pri:0, instance:Validatedisplay@78fbff54]" name="display" class="Validatedisplay"/>
      </group> <!-- properties -->
    </groups>
    <test started-at="2024-01-22T11:31:10 IST" name="Default test" finished-at="2024-01-22T11:32:09 IST" duration-ms="59003">
      <class name="Validatedisplay">
        <test-method signature="display()[pri:0, instance:Validatedisplay@78fbff54]" started-at="2024-01-22T11:31:10 IST" name="display" finished-at="2024-01-22T11:31:42 IST" duration-ms="32022" status="PASS">
          <reporter-output>
            <line>
              <![CDATA[Chrome driver setup is complete]]>
            </line>
            <line>
              <![CDATA[click on Add slide]]>
            </line>
            <line>
              <![CDATA[Clicked on browse template]]>
            </line>
            <line>
              <![CDATA[click on add image is successfull]]>
            </line>
          </reporter-output>
        </test-method> <!-- display -->
        <test-method signature="properties()[pri:0, instance:Validatedisplay@78fbff54]" started-at="2024-01-22T11:31:42 IST" name="properties" finished-at="2024-01-22T11:31:57 IST" duration-ms="14826" status="PASS">
          <reporter-output>
            <line>
              <![CDATA[click on Add slide]]>
            </line>
            <line>
              <![CDATA[Clicked on browse template]]>
            </line>
            <line>
              <![CDATA[click on add image is successfull]]>
            </line>
            <line>
              <![CDATA[Clicked on variation]]>
            </line>
            <line>
              <![CDATA[Agenda added successfully]]>
            </line>
          </reporter-output>
        </test-method> <!-- properties -->
        <test-method signature="settings()[pri:0, instance:Validatedisplay@78fbff54]" started-at="2024-01-22T11:31:57 IST" name="settings" finished-at="2024-01-22T11:32:09 IST" duration-ms="12053" status="PASS">
          <reporter-output>
            <line>
              <![CDATA[Clicked on floater settings]]>
            </line>
            <line>
              <![CDATA[Floater settings added]]>
            </line>
            <line>
              <![CDATA[click on Add slide]]>
            </line>
            <line>
              <![CDATA[Clicked on browse template]]>
            </line>
            <line>
              <![CDATA[click on add image is successfull]]>
            </line>
          </reporter-output>
        </test-method> <!-- settings -->
      </class> <!-- Validatedisplay -->
    </test> <!-- Default test -->
  </suite> <!-- Default suite -->
</testng-results>
